<?xml version="1.0" encoding="UTF-8"?>
<testsuite xmlns:xsi="http://www.w3.org/2001/XMLSchema-instance" xsi:noNamespaceSchemaLocation="https://maven.apache.org/surefire/maven-surefire-plugin/xsd/surefire-test-report-3.0.xsd" version="3.0" name="admin_user.CodingtechniquesTutorialApplicationTests" time="9.413" tests="1" errors="0" skipped="0" failures="0">
  <properties>
[...]
</properties>
  <testcase name="contextLoads" classname="admin_user.CodingtechniquesTutorialApplicationTests" time="0.986">
    <system-out><![CDATA[12:03:13.850 [main] INFO org.springframework.test.context.support.AnnotationConfigContextLoaderUtils -- Could not detect default configuration classes for test class [admin_user.CodingtechniquesTutorialApplicationTests]: CodingtechniquesTutorialApplicationTests does not declare any static, non-private, non-final, nested classes annotated with @Configuration.
12:03:14.022 [main] INFO org.springframework.boot.test.context.SpringBootTestContextBootstrapper -- Found @SpringBootConfiguration admin_user.CodingtechniquesTutorialApplication for test class admin_user.CodingtechniquesTutorialApplicationTests

  .   ____          _            __ _ _
 /\\ / ___'_ __ _ _(_)_ __  __ _ \ \ \ \
( ( )\___ | '_ | '_| | '_ \/ _` | \ \ \ \
 \\/  ___)| |_)| | | | | || (_| |  ) ) ) )
  '  |____| .__|_| |_|_| |_\__, | / / / /
 =========|_|==============|___/=/_/_/_/
 :: Spring Boot ::                (v3.1.3)

2023-12-24T12:03:14.833+01:00  INFO 828 --- [           main] CodingtechniquesTutorialApplicationTests : Starting CodingtechniquesTutorialApplicationTests using Java 17.0.8.1 with PID 828 (started by poste in C:\Users\poste\Desktop\Admin_User_Registration_Login_Spring_Boot_Application-main\Admin_User_Registration)
2023-12-24T12:03:14.836+01:00  INFO 828 --- [           main] CodingtechniquesTutorialApplicationTests : No active profile set, falling back to 1 default profile: "default"
2023-12-24T12:03:16.063+01:00  INFO 828 --- [           main] .s.d.r.c.RepositoryConfigurationDelegate : Bootstrapping Spring Data JPA repositories in DEFAULT mode.
2023-12-24T12:03:16.166+01:00  INFO 828 --- [           main] .s.d.r.c.RepositoryConfigurationDelegate : Finished Spring Data repository scanning in 87 ms. Found 1 JPA repository interfaces.
2023-12-24T12:03:17.009+01:00  INFO 828 --- [           main] o.hibernate.jpa.internal.util.LogHelper  : HHH000204: Processing PersistenceUnitInfo [name: default]
2023-12-24T12:03:17.128+01:00  INFO 828 --- [           main] org.hibernate.Version                    : HHH000412: Hibernate ORM core version 6.2.7.Final
2023-12-24T12:03:17.132+01:00  INFO 828 --- [           main] org.hibernate.cfg.Environment            : HHH000406: Using bytecode reflection optimizer
2023-12-24T12:03:17.517+01:00  INFO 828 --- [           main] o.h.b.i.BytecodeProviderInitiator        : HHH000021: Bytecode provider name : bytebuddy
2023-12-24T12:03:17.763+01:00  INFO 828 --- [           main] o.s.o.j.p.SpringPersistenceUnitInfo      : No LoadTimeWeaver setup: ignoring JPA class transformer
2023-12-24T12:03:17.807+01:00  INFO 828 --- [           main] com.zaxxer.hikari.HikariDataSource       : HikariPool-1 - Starting...
2023-12-24T12:03:18.463+01:00  INFO 828 --- [           main] com.zaxxer.hikari.pool.HikariPool        : HikariPool-1 - Added connection com.mysql.cj.jdbc.ConnectionImpl@6115846e
2023-12-24T12:03:18.468+01:00  INFO 828 --- [           main] com.zaxxer.hikari.HikariDataSource       : HikariPool-1 - Start completed.
2023-12-24T12:03:19.066+01:00  INFO 828 --- [           main] o.h.b.i.BytecodeProviderInitiator        : HHH000021: Bytecode provider name : bytebuddy
2023-12-24T12:03:19.974+01:00  INFO 828 --- [           main] o.h.e.t.j.p.i.JtaPlatformInitiator       : HHH000490: Using JtaPlatform implementation: [org.hibernate.engine.transaction.jta.platform.internal.NoJtaPlatform]
2023-12-24T12:03:20.044+01:00 DEBUG 828 --- [           main] org.hibernate.SQL                        : create table users (id bigint not null, email varchar(255), fullname varchar(255), password varchar(255), role varchar(255), primary key (id)) engine=InnoDB
2023-12-24T12:03:20.068+01:00 DEBUG 828 --- [           main] org.hibernate.SQL                        : create table users_seq (next_val bigint) engine=InnoDB
2023-12-24T12:03:20.088+01:00 DEBUG 828 --- [           main] org.hibernate.SQL                        : insert into users_seq values ( 1 )
2023-12-24T12:03:20.093+01:00 DEBUG 828 --- [           main] org.hibernate.SQL                        : alter table users drop index UK6dotkott2kjsp8vw4d0m25fb7
2023-12-24T12:03:20.109+01:00 DEBUG 828 --- [           main] org.hibernate.SQL                        : alter table users add constraint UK6dotkott2kjsp8vw4d0m25fb7 unique (email)
2023-12-24T12:03:20.133+01:00  INFO 828 --- [           main] j.LocalContainerEntityManagerFactoryBean : Initialized JPA EntityManagerFactory for persistence unit 'default'
2023-12-24T12:03:20.885+01:00  WARN 828 --- [           main] JpaBaseConfiguration$JpaWebConfiguration : spring.jpa.open-in-view is enabled by default. Therefore, database queries may be performed during view rendering. Explicitly configure spring.jpa.open-in-view to disable this warning
2023-12-24T12:03:21.075+01:00  INFO 828 --- [           main] o.s.s.web.DefaultSecurityFilterChain     : Will secure any request with [org.springframework.security.web.session.DisableEncodeUrlFilter@4d359c69, org.springframework.security.web.context.request.async.WebAsyncManagerIntegrationFilter@28f6a008, org.springframework.security.web.context.SecurityContextHolderFilter@5f3c866c, org.springframework.security.web.header.HeaderWriterFilter@256d8f17, org.springframework.security.web.authentication.logout.LogoutFilter@1abd1a28, org.springframework.security.web.authentication.UsernamePasswordAuthenticationFilter@260fffec, org.springframework.security.web.savedrequest.RequestCacheAwareFilter@7b9b6a56, org.springframework.security.web.servletapi.SecurityContextHolderAwareRequestFilter@66428512, org.springframework.security.web.authentication.AnonymousAuthenticationFilter@71dfca65, org.springframework.security.web.access.ExceptionTranslationFilter@67521a79, org.springframework.security.web.access.intercept.AuthorizationFilter@43c3354]
2023-12-24T12:03:21.922+01:00  INFO 828 --- [           main] CodingtechniquesTutorialApplicationTests : Started CodingtechniquesTutorialApplicationTests in 7.64 seconds (process running for 9.484)
]]></system-out>
  </testcase>
</testsuite>